<?xml version="1.0" encoding="UTF-8"?>
<!-- Generated by org.testng.reporters.JUnitXMLReporter -->
<testsuite hostname="wardog-45" ignored="1" name="Test" tests="1" failures="0" timestamp="2020-06-25T14:27:38 IST" time="0.062" errors="0">
  <testcase name="@BeforeClass setup" time="0.0" classname="com.learnauto.pages.BaseClass">
    <failure type="java.lang.NullPointerException">
      <![CDATA[java.lang.NullPointerException
at com.learnauto.pages.BaseClass.setup(BaseClass.java:41)
at java.util.ArrayList.forEach(ArrayList.java:1257)
... Removed 25 stack frames]]>
    </failure>
  </testcase> <!-- @BeforeClass setup -->
  <testcase name="@AfterMethod tearDown" time="-1.593075458641E9" classname="com.learnauto.pages.BaseClass">
    <skipped/>
  </testcase> <!-- @AfterMethod tearDown -->
  <testcase name="@AfterClass tearDown" time="-1.593075458644E9" classname="com.learnauto.pages.BaseClass">
    <skipped/>
  </testcase> <!-- @AfterClass tearDown -->
  <testcase name="loginApp" time="0.0" classname="com.learnauto.testcases.LoginTest">
    <skipped/>
  </testcase> <!-- loginApp -->
  <testcase name="@BeforeSuite setupSuite" time="0.0" classname="com.learnauto.pages.BaseClass">
    <ignored/>
  </testcase> <!-- @BeforeSuite setupSuite -->
</testsuite> <!-- Test -->
